Arguments: 
  C:\Program Files\nodejs\node.exe C:\Users\z\AppData\Roaming\npm\node_modules\yarn\bin\yarn.js build

PATH: 
  C:\Program Files\WindowsApps\Microsoft.PowerShell_7.2.7.0_x64__8wekyb3d8bbwe;C:\Program Files (x86)\Common Files\Oracle\Java\javapath;C:\WINDOWS\system32;C:\WINDOWS;C:\WINDOWS\System32\Wbem;C:\WINDOWS\System32\WindowsPowerShell\v1.0\;C:\WINDOWS\System32\OpenSSH\;C:\software\Git\cmd;C:\Users\z\AppData\Local\Programs\oh-my-posh\bin;C:\Users\z\AppData\Roaming\nvm;C:\Program Files\nodejs;C:\Users\z\scoop\shims;C:\Users\z\AppData\Local\Microsoft\WindowsApps;C:\Program Files\Bandizip\;D:\software\Microsoft VS Code\bin;C:\Users\z\AppData\Roaming\npm;C:\Users\z\AppData\Local\Programs\oh-my-posh\bin;C:\Users\z\AppData\Local\Microsoft\WindowsApps;C:\Users\z\AppData\Roaming\nvm;C:\Program Files\nodejs

Yarn version: 
  1.22.17

Node version: 
  16.14.0

Platform: 
  win32 x64

Trace: 
  SyntaxError: D:\code\hand-write-code-me\package.json: Unexpected string in JSON at position 146
      at JSON.parse (<anonymous>)
      at C:\Users\z\AppData\Roaming\npm\node_modules\yarn\lib\cli.js:1625:59
      at Generator.next (<anonymous>)
      at step (C:\Users\z\AppData\Roaming\npm\node_modules\yarn\lib\cli.js:310:30)
      at C:\Users\z\AppData\Roaming\npm\node_modules\yarn\lib\cli.js:321:13

npm manifest: 
  {
    "name": "hand-write-code-me",
    "version": "1.0.0",
    "main": "index.js",
    "author": "xiuxiuyifan <1575243732@qq.com>",
    "license": "MIT"
    "scripts": {
      "build": "node ./scripts/build.js"
    }
  }

yarn manifest: 
  No manifest

Lockfile: 
  No lockfile
